Arguments: 
  /Users/kmh/.nvm/versions/node/v7.10.0/bin/node /Users/kmh/.nvm/versions/node/v7.10.0/bin/yarn add axios

PATH: 
  /Users/kmh/.nvm/versions/node/v7.10.0/bin:/usr/local/mysql/bin:/Applications/Postgres.app/Contents/Versions/latest/bin:/Applications/Postgres.app/Contents/Versions/9.5/bin:/Users/kmh/.rbenv/shims:/usr/local/bin:/usr/bin:/bin:/usr/sbin:/sbin

Yarn version: 
  1.0.2

Node version: 
  7.10.0

Platform: 
  darwin x64

npm manifest: 
  No manifest

yarn manifest: 
  No manifest

Lockfile: 
  No lockfile

Trace: 
  Error: getaddrinfo ENOTFOUND registry.yarnpkg.com registry.yarnpkg.com:443
      at errnoException (dns.js:28:10)
      at GetAddrInfoReqWrap.onlookup [as oncomplete] (dns.js:73:26)
